<?xml version="1.0" encoding="UTF-8"?>
<testng-results skipped="0" failed="0" ignored="0" total="1" passed="1">
  <reporter-output>
  </reporter-output>
  <suite name="Default suite" duration-ms="53147" started-at="2020-11-20T00:42:45 IST" finished-at="2020-11-20T00:43:38 IST">
    <groups>
      <group name="cucumber">
        <method signature="AbstractTestNGCucumberTests.runScenario(io.cucumber.testng.PickleWrapper, io.cucumber.testng.FeatureWrapper)[pri:0, instance:runner.realtest@33c7e1bb]" name="runScenario" class="io.cucumber.testng.AbstractTestNGCucumberTests"/>
      </group> <!-- cucumber -->
    </groups>
    <test name="Default test" duration-ms="53147" started-at="2020-11-20T00:42:45 IST" finished-at="2020-11-20T00:43:38 IST">
      <class name="runner.realtest">
        <test-method status="PASS" signature="setUpClass()[pri:0, instance:runner.realtest@33c7e1bb]" name="setUpClass" is-config="true" duration-ms="1022" started-at="2020-11-20T00:42:45 IST" finished-at="2020-11-20T00:42:46 IST">
          <reporter-output>
          </reporter-output>
        </test-method> <!-- setUpClass -->
        <test-method status="PASS" signature="runScenario(io.cucumber.testng.PickleWrapper, io.cucumber.testng.FeatureWrapper)[pri:0, instance:runner.realtest@33c7e1bb]" name="runScenario" duration-ms="51712" started-at="2020-11-20T00:42:46 IST" description="Runs Cucumber Scenarios" data-provider="scenarios" finished-at="2020-11-20T00:43:37 IST">
          <params>
            <param index="0">
              <value>
                <![CDATA["order booking test"]]>
              </value>
            </param>
            <param index="1">
              <value>
                <![CDATA["Optional[booking an order]"]]>
              </value>
            </param>
          </params>
          <reporter-output>
          </reporter-output>
        </test-method> <!-- runScenario -->
        <test-method status="PASS" signature="tearDownClass()[pri:0, instance:runner.realtest@33c7e1bb]" name="tearDownClass" is-config="true" duration-ms="322" started-at="2020-11-20T00:43:37 IST" finished-at="2020-11-20T00:43:38 IST">
          <reporter-output>
          </reporter-output>
        </test-method> <!-- tearDownClass -->
      </class> <!-- runner.realtest -->
    </test> <!-- Default test -->
  </suite> <!-- Default suite -->
</testng-results>
